2025-06-10 23:09:26 [::1][-][mej2n5sht2i8a0qf7u5uffoi1j][error][yii\db\Exception] PDOException: SQLSTATE[HY000] [1049] Unknown database 'yii2basic' in C:\laragon\www\ServiceWareProg3\vendor\yiisoft\yii2\db\Connection.php:722
Stack trace:
#0 C:\laragon\www\ServiceWareProg3\vendor\yiisoft\yii2\db\Connection.php(722): PDO->__construct('mysql:host=loca...', 'root', 'root', NULL)
#1 C:\laragon\www\ServiceWareProg3\vendor\yiisoft\yii2\db\Connection.php(637): yii\db\Connection->createPdoInstance()
#2 C:\laragon\www\ServiceWareProg3\vendor\yiisoft\yii2\db\Connection.php(1067): yii\db\Connection->open()
#3 C:\laragon\www\ServiceWareProg3\vendor\yiisoft\yii2\db\Connection.php(1054): yii\db\Connection->getMasterPdo()
#4 C:\laragon\www\ServiceWareProg3\vendor\yiisoft\yii2\db\Command.php(261): yii\db\Connection->getSlavePdo(true)
#5 C:\laragon\www\ServiceWareProg3\vendor\yiisoft\yii2\db\Command.php(1181): yii\db\Command->prepare(true)
#6 C:\laragon\www\ServiceWareProg3\vendor\yiisoft\yii2\db\Command.php(460): yii\db\Command->queryInternal('fetchAll', 7)
#7 C:\laragon\www\ServiceWareProg3\vendor\yiisoft\yii2\db\mysql\Schema.php(123): yii\db\Command->queryColumn()
#8 C:\laragon\www\ServiceWareProg3\vendor\yiisoft\yii2\db\Schema.php(235): yii\db\mysql\Schema->findTableNames('')
#9 C:\laragon\www\ServiceWareProg3\vendor\yiisoft\yii2-gii\src\generators\model\Generator.php(229): yii\db\Schema->getTableNames()
#10 [internal function]: yii\gii\generators\model\Generator->yii\gii\generators\model\{closure}()
#11 C:\laragon\www\ServiceWareProg3\vendor\yiisoft\yii2-gii\src\components\ActiveField.php(47): call_user_func(Object(Closure))
#12 C:\laragon\www\ServiceWareProg3\vendor\yiisoft\yii2\base\BaseObject.php(109): yii\gii\components\ActiveField->init()
#13 [internal function]: yii\base\BaseObject->__construct(Array)
#14 C:\laragon\www\ServiceWareProg3\vendor\yiisoft\yii2\di\Container.php(419): ReflectionClass->newInstanceArgs(Array)
#15 C:\laragon\www\ServiceWareProg3\vendor\yiisoft\yii2\di\Container.php(170): yii\di\Container->build('yii\\gii\\compone...', Array, Array)
#16 C:\laragon\www\ServiceWareProg3\vendor\yiisoft\yii2\BaseYii.php(365): yii\di\Container->get('yii\\gii\\compone...', Array, Array)
#17 C:\laragon\www\ServiceWareProg3\vendor\yiisoft\yii2\widgets\ActiveForm.php(334): yii\BaseYii::createObject(Array)
#18 C:\laragon\www\ServiceWareProg3\vendor\yiisoft\yii2-gii\src\generators\model\form.php(13): yii\widgets\ActiveForm->field(Object(yii\gii\generators\model\Generator), 'tableName')
#19 C:\laragon\www\ServiceWareProg3\vendor\yiisoft\yii2\base\View.php(348): require('C:\\laragon\\www\\...')
#20 C:\laragon\www\ServiceWareProg3\vendor\yiisoft\yii2\base\View.php(258): yii\base\View->renderPhpFile('C:\\laragon\\www\\...', Array)
#21 C:\laragon\www\ServiceWareProg3\vendor\yiisoft\yii2-gii\src\views\default\view.php(43): yii\base\View->renderFile('C:\\laragon\\www\\...', Array)
#22 C:\laragon\www\ServiceWareProg3\vendor\yiisoft\yii2\base\View.php(348): require('C:\\laragon\\www\\...')
#23 C:\laragon\www\ServiceWareProg3\vendor\yiisoft\yii2\base\View.php(258): yii\base\View->renderPhpFile('C:\\laragon\\www\\...', Array)
#24 C:\laragon\www\ServiceWareProg3\vendor\yiisoft\yii2\base\View.php(157): yii\base\View->renderFile('C:\\laragon\\www\\...', Array, Object(yii\gii\controllers\DefaultController))
#25 C:\laragon\www\ServiceWareProg3\vendor\yiisoft\yii2\base\Controller.php(407): yii\base\View->render('view', Array, Object(yii\gii\controllers\DefaultController))
#26 C:\laragon\www\ServiceWareProg3\vendor\yiisoft\yii2-gii\src\controllers\DefaultController.php(72): yii\base\Controller->render('view', Array)
#27 [internal function]: yii\gii\controllers\DefaultController->actionView('model')
#28 C:\laragon\www\ServiceWareProg3\vendor\yiisoft\yii2\base\InlineAction.php(57): call_user_func_array(Array, Array)
#29 C:\laragon\www\ServiceWareProg3\vendor\yiisoft\yii2\base\Controller.php(178): yii\base\InlineAction->runWithParams(Array)
#30 C:\laragon\www\ServiceWareProg3\vendor\yiisoft\yii2\base\Module.php(552): yii\base\Controller->runAction('view', Array)
#31 C:\laragon\www\ServiceWareProg3\vendor\yiisoft\yii2\web\Application.php(103): yii\base\Module->runAction('gii/default/vie...', Array)
#32 C:\laragon\www\ServiceWareProg3\vendor\yiisoft\yii2\base\Application.php(384): yii\web\Application->handleRequest(Object(yii\web\Request))
#33 C:\laragon\www\ServiceWareProg3\web\index.php(12): yii\base\Application->run()
#34 {main}

Next yii\db\Exception: SQLSTATE[HY000] [1049] Unknown database 'yii2basic' in C:\laragon\www\ServiceWareProg3\vendor\yiisoft\yii2\db\Connection.php:648
Stack trace:
#0 C:\laragon\www\ServiceWareProg3\vendor\yiisoft\yii2\db\Connection.php(1067): yii\db\Connection->open()
#1 C:\laragon\www\ServiceWareProg3\vendor\yiisoft\yii2\db\Connection.php(1054): yii\db\Connection->getMasterPdo()
#2 C:\laragon\www\ServiceWareProg3\vendor\yiisoft\yii2\db\Command.php(261): yii\db\Connection->getSlavePdo(true)
#3 C:\laragon\www\ServiceWareProg3\vendor\yiisoft\yii2\db\Command.php(1181): yii\db\Command->prepare(true)
#4 C:\laragon\www\ServiceWareProg3\vendor\yiisoft\yii2\db\Command.php(460): yii\db\Command->queryInternal('fetchAll', 7)
#5 C:\laragon\www\ServiceWareProg3\vendor\yiisoft\yii2\db\mysql\Schema.php(123): yii\db\Command->queryColumn()
#6 C:\laragon\www\ServiceWareProg3\vendor\yiisoft\yii2\db\Schema.php(235): yii\db\mysql\Schema->findTableNames('')
#7 C:\laragon\www\ServiceWareProg3\vendor\yiisoft\yii2-gii\src\generators\model\Generator.php(229): yii\db\Schema->getTableNames()
#8 [internal function]: yii\gii\generators\model\Generator->yii\gii\generators\model\{closure}()
#9 C:\laragon\www\ServiceWareProg3\vendor\yiisoft\yii2-gii\src\components\ActiveField.php(47): call_user_func(Object(Closure))
#10 C:\laragon\www\ServiceWareProg3\vendor\yiisoft\yii2\base\BaseObject.php(109): yii\gii\components\ActiveField->init()
#11 [internal function]: yii\base\BaseObject->__construct(Array)
#12 C:\laragon\www\ServiceWareProg3\vendor\yiisoft\yii2\di\Container.php(419): ReflectionClass->newInstanceArgs(Array)
#13 C:\laragon\www\ServiceWareProg3\vendor\yiisoft\yii2\di\Container.php(170): yii\di\Container->build('yii\\gii\\compone...', Array, Array)
#14 C:\laragon\www\ServiceWareProg3\vendor\yiisoft\yii2\BaseYii.php(365): yii\di\Container->get('yii\\gii\\compone...', Array, Array)
#15 C:\laragon\www\ServiceWareProg3\vendor\yiisoft\yii2\widgets\ActiveForm.php(334): yii\BaseYii::createObject(Array)
#16 C:\laragon\www\ServiceWareProg3\vendor\yiisoft\yii2-gii\src\generators\model\form.php(13): yii\widgets\ActiveForm->field(Object(yii\gii\generators\model\Generator), 'tableName')
#17 C:\laragon\www\ServiceWareProg3\vendor\yiisoft\yii2\base\View.php(348): require('C:\\laragon\\www\\...')
#18 C:\laragon\www\ServiceWareProg3\vendor\yiisoft\yii2\base\View.php(258): yii\base\View->renderPhpFile('C:\\laragon\\www\\...', Array)
#19 C:\laragon\www\ServiceWareProg3\vendor\yiisoft\yii2-gii\src\views\default\view.php(43): yii\base\View->renderFile('C:\\laragon\\www\\...', Array)
#20 C:\laragon\www\ServiceWareProg3\vendor\yiisoft\yii2\base\View.php(348): require('C:\\laragon\\www\\...')
#21 C:\laragon\www\ServiceWareProg3\vendor\yiisoft\yii2\base\View.php(258): yii\base\View->renderPhpFile('C:\\laragon\\www\\...', Array)
#22 C:\laragon\www\ServiceWareProg3\vendor\yiisoft\yii2\base\View.php(157): yii\base\View->renderFile('C:\\laragon\\www\\...', Array, Object(yii\gii\controllers\DefaultController))
#23 C:\laragon\www\ServiceWareProg3\vendor\yiisoft\yii2\base\Controller.php(407): yii\base\View->render('view', Array, Object(yii\gii\controllers\DefaultController))
#24 C:\laragon\www\ServiceWareProg3\vendor\yiisoft\yii2-gii\src\controllers\DefaultController.php(72): yii\base\Controller->render('view', Array)
#25 [internal function]: yii\gii\controllers\DefaultController->actionView('model')
#26 C:\laragon\www\ServiceWareProg3\vendor\yiisoft\yii2\base\InlineAction.php(57): call_user_func_array(Array, Array)
#27 C:\laragon\www\ServiceWareProg3\vendor\yiisoft\yii2\base\Controller.php(178): yii\base\InlineAction->runWithParams(Array)
#28 C:\laragon\www\ServiceWareProg3\vendor\yiisoft\yii2\base\Module.php(552): yii\base\Controller->runAction('view', Array)
#29 C:\laragon\www\ServiceWareProg3\vendor\yiisoft\yii2\web\Application.php(103): yii\base\Module->runAction('gii/default/vie...', Array)
#30 C:\laragon\www\ServiceWareProg3\vendor\yiisoft\yii2\base\Application.php(384): yii\web\Application->handleRequest(Object(yii\web\Request))
#31 C:\laragon\www\ServiceWareProg3\web\index.php(12): yii\base\Application->run()
#32 {main}
Additional Information:
Array
(
    [0] => HY000
    [1] => 1049
    [2] => Unknown database 'yii2basic'
)

2025-06-10 23:09:25 [::1][-][mej2n5sht2i8a0qf7u5uffoi1j][info][application] $_GET = [
    'r' => 'gii/default/view'
    'id' => 'model'
]

$_POST = []

$_FILES = []

$_COOKIE = [
    'advanced-backend' => 'tkub04909qial1th19cf4v599c'
    '_csrf-backend' => '2446ce5e5e5f1fcee59e798c14e98e44ad2285ba6234c7998c510b4dbb8990f6a:2:{i:0;s:13:\"_csrf-backend\";i:1;s:32:\"DzcmCS32wXjWmMCQfGsrUNSEPgvdP-vM\";}'
    '_csrf' => '74882179b208c54fa98b251791fe44059a92ddd9231cbf21dc0cb8ba165a38eaa:2:{i:0;s:5:\"_csrf\";i:1;s:32:\"_L8fw1i1dGfCM-hCfG2Q8uhvHt0-KvV4\";}'
    'PHPSESSID' => 'mej2n5sht2i8a0qf7u5uffoi1j'
]

$_SESSION = [
    '__flash' => []
]

$_SERVER = [
    'HTTP_HOST' => 'localhost'
    'HTTP_CONNECTION' => 'keep-alive'
    'HTTP_SEC_CH_UA' => '\"Chromium\";v=\"134\", \"Not:A-Brand\";v=\"24\", \"Opera GX\";v=\"119\"'
    'HTTP_SEC_CH_UA_MOBILE' => '?0'
    'HTTP_SEC_CH_UA_PLATFORM' => '\"Windows\"'
    'HTTP_UPGRADE_INSECURE_REQUESTS' => '1'
    'HTTP_USER_AGENT' => 'Mozilla/5.0 (Windows NT 10.0; Win64; x64) AppleWebKit/537.36 (KHTML, like Gecko) Chrome/134.0.0.0 Safari/537.36 OPR/119.0.0.0'
    'HTTP_ACCEPT' => 'text/html,application/xhtml+xml,application/xml;q=0.9,image/avif,image/webp,image/apng,*/*;q=0.8,application/signed-exchange;v=b3;q=0.7'
    'HTTP_SEC_FETCH_SITE' => 'same-origin'
    'HTTP_SEC_FETCH_MODE' => 'navigate'
    'HTTP_SEC_FETCH_USER' => '?1'
    'HTTP_SEC_FETCH_DEST' => 'document'
    'HTTP_REFERER' => 'http://localhost/ServiceWareProg3/web/index.php?r=gii'
    'HTTP_ACCEPT_ENCODING' => 'gzip, deflate, br, zstd'
    'HTTP_ACCEPT_LANGUAGE' => 'pt-BR,pt;q=0.9,en-US;q=0.8,en;q=0.7'
    'HTTP_COOKIE' => 'advanced-backend=tkub04909qial1th19cf4v599c; _csrf-backend=2446ce5e5e5f1fcee59e798c14e98e44ad2285ba6234c7998c510b4dbb8990f6a%3A2%3A%7Bi%3A0%3Bs%3A13%3A%22_csrf-backend%22%3Bi%3A1%3Bs%3A32%3A%22DzcmCS32wXjWmMCQfGsrUNSEPgvdP-vM%22%3B%7D; _csrf=74882179b208c54fa98b251791fe44059a92ddd9231cbf21dc0cb8ba165a38eaa%3A2%3A%7Bi%3A0%3Bs%3A5%3A%22_csrf%22%3Bi%3A1%3Bs%3A32%3A%22_L8fw1i1dGfCM-hCfG2Q8uhvHt0-KvV4%22%3B%7D; PHPSESSID=mej2n5sht2i8a0qf7u5uffoi1j'
    'PATH' => 'C:\\Program Files\\Python313\\Scripts\\;C:\\Program Files\\Python313\\;C:\\Program Files\\Eclipse Adoptium\\jre-8.0.452.9-hotspot\\bin;C:\\WINDOWS\\system32;C:\\WINDOWS;C:\\WINDOWS\\System32\\Wbem;C:\\WINDOWS\\System32\\WindowsPowerShell\\v1.0\\;C:\\WINDOWS\\System32\\OpenSSH\\;C:\\Program Files\\NVIDIA Corporation\\NVIDIA App\\NvDLISR;C:\\Program Files\\Microsoft VS Code\\bin;C:\\Program Files\\dotnet\\;C:\\Program Files (x86)\\NVIDIA Corporation\\PhysX\\Common;C:\\Program Files\\Git\\cmd;C:\\Users\\User\\AppData\\Local\\Microsoft\\WindowsApps;'
    'SystemRoot' => 'C:\\WINDOWS'
    'COMSPEC' => 'C:\\WINDOWS\\system32\\cmd.exe'
    'PATHEXT' => '.COM;.EXE;.BAT;.CMD;.VBS;.VBE;.JS;.JSE;.WSF;.WSH;.MSC;.PY;.PYW'
    'WINDIR' => 'C:\\WINDOWS'
    'SERVER_SIGNATURE' => ''
    'SERVER_SOFTWARE' => 'Apache/2.4.54 (Win64) OpenSSL/1.1.1q PHP/8.1.10'
    'SERVER_NAME' => 'localhost'
    'SERVER_ADDR' => '::1'
    'SERVER_PORT' => '80'
    'REMOTE_ADDR' => '::1'
    'DOCUMENT_ROOT' => 'C:/laragon/www'
    'REQUEST_SCHEME' => 'http'
    'CONTEXT_PREFIX' => ''
    'CONTEXT_DOCUMENT_ROOT' => 'C:/laragon/www'
    'SERVER_ADMIN' => 'admin@example.com'
    'SCRIPT_FILENAME' => 'C:/laragon/www/ServiceWareProg3/web/index.php'
    'REMOTE_PORT' => '53772'
    'GATEWAY_INTERFACE' => 'CGI/1.1'
    'SERVER_PROTOCOL' => 'HTTP/1.1'
    'REQUEST_METHOD' => 'GET'
    'QUERY_STRING' => 'r=gii%2Fdefault%2Fview&id=model'
    'REQUEST_URI' => '/ServiceWareProg3/web/index.php?r=gii%2Fdefault%2Fview&id=model'
    'SCRIPT_NAME' => '/ServiceWareProg3/web/index.php'
    'PHP_SELF' => '/ServiceWareProg3/web/index.php'
    'REQUEST_TIME_FLOAT' => 1749596965.359
    'REQUEST_TIME' => 1749596965
]
